<?xml version="1.0" encoding="UTF-8"?>
<testng-results skipped="0" failed="0" ignored="0" total="3" passed="3">
  <reporter-output>
  </reporter-output>
  <suite name="Suite" duration-ms="53" started-at="2021-02-11T18:58:03 IST" finished-at="2021-02-11T18:58:03 IST">
    <groups>
    </groups>
    <test name="Test" duration-ms="53" started-at="2021-02-11T18:58:03 IST" finished-at="2021-02-11T18:58:03 IST">
      <class name="com.karthik.MyTesting">
        <test-method status="PASS" signature="test1()[pri:0, instance:com.karthik.MyTesting@1a4baa87]" name="test1" duration-ms="10" started-at="2021-02-11T18:58:03 IST" finished-at="2021-02-11T18:58:03 IST">
          <reporter-output>
          </reporter-output>
        </test-method> <!-- test1 -->
        <test-method status="PASS" signature="test2()[pri:0, instance:com.karthik.MyTesting@1a4baa87]" name="test2" duration-ms="0" started-at="2021-02-11T18:58:03 IST" finished-at="2021-02-11T18:58:03 IST">
          <reporter-output>
          </reporter-output>
        </test-method> <!-- test2 -->
        <test-method status="PASS" signature="test3()[pri:0, instance:com.karthik.MyTesting@1a4baa87]" name="test3" duration-ms="0" started-at="2021-02-11T18:58:03 IST" finished-at="2021-02-11T18:58:03 IST">
          <reporter-output>
          </reporter-output>
        </test-method> <!-- test3 -->
      </class> <!-- com.karthik.MyTesting -->
    </test> <!-- Test -->
  </suite> <!-- Suite -->
</testng-results>
