<?xml version="1.0" encoding="UTF-8"?>
<testng-results skipped="0" failed="0" ignored="0" total="3" passed="3">
  <reporter-output>
  </reporter-output>
  <suite name="Suite" duration-ms="52" started-at="2021-02-10T23:14:09 IST" finished-at="2021-02-10T23:14:09 IST">
    <groups>
    </groups>
    <test name="Test" duration-ms="52" started-at="2021-02-10T23:14:09 IST" finished-at="2021-02-10T23:14:09 IST">
      <class name="com.karthik.MyTesting">
        <test-method status="PASS" signature="test1()[pri:0, instance:com.karthik.MyTesting@1e6d1014]" name="test1" duration-ms="10" started-at="2021-02-10T23:14:09 IST" finished-at="2021-02-10T23:14:09 IST">
          <reporter-output>
          </reporter-output>
        </test-method> <!-- test1 -->
        <test-method status="PASS" signature="test2()[pri:0, instance:com.karthik.MyTesting@1e6d1014]" name="test2" duration-ms="1" started-at="2021-02-10T23:14:09 IST" finished-at="2021-02-10T23:14:09 IST">
          <reporter-output>
          </reporter-output>
        </test-method> <!-- test2 -->
        <test-method status="PASS" signature="test3()[pri:0, instance:com.karthik.MyTesting@1e6d1014]" name="test3" duration-ms="1" started-at="2021-02-10T23:14:09 IST" finished-at="2021-02-10T23:14:09 IST">
          <reporter-output>
          </reporter-output>
        </test-method> <!-- test3 -->
      </class> <!-- com.karthik.MyTesting -->
    </test> <!-- Test -->
  </suite> <!-- Suite -->
</testng-results>
